[2025-11-26T20:58:08.229+0000] {local_task_job_runner.py:123} INFO - ::group::Pre task execution logs
[2025-11-26T20:58:08.252+0000] {taskinstance.py:2612} INFO - Dependencies all met for dep_context=non-requeueable deps ti=<TaskInstance: fetch_weather_dag.fetch_weather_task manual__2025-11-26T20:04:04.623227+00:00 [queued]>
[2025-11-26T20:58:08.262+0000] {taskinstance.py:2612} INFO - Dependencies all met for dep_context=requeueable deps ti=<TaskInstance: fetch_weather_dag.fetch_weather_task manual__2025-11-26T20:04:04.623227+00:00 [queued]>
[2025-11-26T20:58:08.263+0000] {taskinstance.py:2865} INFO - Starting attempt 14 of 14
[2025-11-26T20:58:08.290+0000] {taskinstance.py:2888} INFO - Executing <Task(PythonOperator): fetch_weather_task> on 2025-11-26 20:04:04.623227+00:00
[2025-11-26T20:58:08.313+0000] {standard_task_runner.py:104} INFO - Running: ['***', 'tasks', 'run', 'fetch_weather_dag', 'fetch_weather_task', 'manual__2025-11-26T20:04:04.623227+00:00', '--job-id', '27', '--raw', '--subdir', 'DAGS_FOLDER/fetch_weather_dag.py', '--cfg-path', '/tmp/tmp83uyadn9']
[2025-11-26T20:58:08.318+0000] {standard_task_runner.py:105} INFO - Job 27: Subtask fetch_weather_task
[2025-11-26T20:58:08.319+0000] {logging_mixin.py:190} WARNING - /home/***/.local/lib/python3.12/site-packages/***/task/task_runner/standard_task_runner.py:70 DeprecationWarning: This process (pid=1547) is multi-threaded, use of fork() may lead to deadlocks in the child.
[2025-11-26T20:58:08.320+0000] {standard_task_runner.py:72} INFO - Started process 1549 to run task
[2025-11-26T20:58:08.430+0000] {task_command.py:467} INFO - Running <TaskInstance: fetch_weather_dag.fetch_weather_task manual__2025-11-26T20:04:04.623227+00:00 [running]> on host 7fa3cbb25d21
[2025-11-26T20:58:09.145+0000] {taskinstance.py:3131} INFO - Exporting env vars: AIRFLOW_CTX_DAG_OWNER='***' AIRFLOW_CTX_DAG_ID='fetch_weather_dag' AIRFLOW_CTX_TASK_ID='fetch_weather_task' AIRFLOW_CTX_EXECUTION_DATE='2025-11-26T20:04:04.623227+00:00' AIRFLOW_CTX_TRY_NUMBER='14' AIRFLOW_CTX_DAG_RUN_ID='manual__2025-11-26T20:04:04.623227+00:00'
[2025-11-26T20:58:09.148+0000] {taskinstance.py:731} INFO - ::endgroup::
[2025-11-26T20:58:09.275+0000] {logging_mixin.py:190} INFO - cols:
[2025-11-26T20:58:09.278+0000] {logging_mixin.py:190} INFO - Index(['outlet_id', 'latitude', 'longitude'], dtype='object')
[2025-11-26T20:58:09.286+0000] {logging_mixin.py:190} INFO - Fetching weather for outlet 1: (40.76, -73.86)
[2025-11-26T20:58:09.340+0000] {logging_mixin.py:190} INFO - Fetching weather for outlet 2: (0.00, 0.00)
[2025-11-26T20:58:09.346+0000] {logging_mixin.py:190} INFO - Fetching weather for outlet 3: (40.81, -73.91)
[2025-11-26T20:58:09.350+0000] {logging_mixin.py:190} INFO - Fetching weather for outlet 4: (40.72, -73.98)
[2025-11-26T20:58:09.354+0000] {logging_mixin.py:190} INFO - Fetching weather for outlet 5: (40.71, -73.87)
[2025-11-26T20:58:09.359+0000] {logging_mixin.py:190} INFO - Fetching weather for outlet 6: (40.79, -73.89)
[2025-11-26T20:58:09.364+0000] {logging_mixin.py:190} INFO - Fetching weather for outlet 7: (40.70, -73.85)
[2025-11-26T20:58:09.368+0000] {logging_mixin.py:190} INFO - Fetching weather for outlet 8: (40.82, -73.97)
[2025-11-26T20:58:09.375+0000] {logging_mixin.py:190} INFO - Fetching weather for outlet 9: (40.73, -73.97)
[2025-11-26T20:58:09.383+0000] {logging_mixin.py:190} INFO - Fetching weather for outlet 10: (40.75, -73.92)
[2025-11-26T20:58:09.387+0000] {logging_mixin.py:190} INFO - Fetching weather for outlet 11: (40.76, -73.96)
[2025-11-26T20:58:09.391+0000] {logging_mixin.py:190} INFO - Fetching weather for outlet 12: (40.79, -73.98)
[2025-11-26T20:58:09.396+0000] {logging_mixin.py:190} INFO - Fetching weather for outlet 13: (40.74, -73.95)
[2025-11-26T20:58:09.401+0000] {logging_mixin.py:190} INFO - Fetching weather for outlet 14: (40.77, -73.88)
[2025-11-26T20:58:09.405+0000] {logging_mixin.py:190} INFO - Fetching weather for outlet 15: (40.73, -73.92)
[2025-11-26T20:58:09.409+0000] {logging_mixin.py:190} INFO - Fetching weather for outlet 16: (40.79, -73.99)
[2025-11-26T20:58:09.415+0000] {logging_mixin.py:190} INFO - Fetching weather for outlet 17: (40.79, -73.97)
[2025-11-26T20:58:09.422+0000] {logging_mixin.py:190} INFO - Fetching weather for outlet 18: (40.71, -73.86)
[2025-11-26T20:58:09.433+0000] {logging_mixin.py:190} INFO - Fetching weather for outlet 19: (40.84, -73.88)
[2025-11-26T20:58:09.440+0000] {logging_mixin.py:190} INFO - Fetching weather for outlet 20: (40.75, -73.99)
[2025-11-26T20:58:09.449+0000] {logging_mixin.py:190} INFO - Fetching weather for outlet 21: (40.80, -73.93)
[2025-11-26T20:58:09.453+0000] {logging_mixin.py:190} INFO - Fetching weather for outlet 22: (40.72, -73.93)
[2025-11-26T20:58:09.460+0000] {logging_mixin.py:190} INFO - Fetching weather for outlet 23: (0.00, 0.00)
[2025-11-26T20:58:09.464+0000] {logging_mixin.py:190} INFO - Fetching weather for outlet 24: (40.71, -73.86)
[2025-11-26T20:58:09.468+0000] {logging_mixin.py:190} INFO - Fetching weather for outlet 25: (40.74, -73.90)
[2025-11-26T20:58:09.474+0000] {logging_mixin.py:190} INFO - Fetching weather for outlet 26: (40.75, -73.92)
[2025-11-26T20:58:09.480+0000] {logging_mixin.py:190} INFO - Fetching weather for outlet 27: (40.78, -73.97)
[2025-11-26T20:58:09.489+0000] {logging_mixin.py:190} INFO - Fetching weather for outlet 28: (40.85, -73.88)
[2025-11-26T20:58:09.495+0000] {logging_mixin.py:190} INFO - Fetching weather for outlet 29: (0.00, 0.00)
[2025-11-26T20:58:09.499+0000] {logging_mixin.py:190} INFO - Fetching weather for outlet 30: (40.84, -73.87)
[2025-11-26T20:58:09.505+0000] {logging_mixin.py:190} INFO - Fetching weather for outlet 31: (40.79, -73.86)
[2025-11-26T20:58:09.513+0000] {logging_mixin.py:190} INFO - Fetching weather for outlet 32: (40.71, -73.97)
[2025-11-26T20:58:09.519+0000] {logging_mixin.py:190} INFO - Fetching weather for outlet 33: (40.71, -73.95)
[2025-11-26T20:58:09.526+0000] {logging_mixin.py:190} INFO - Fetching weather for outlet 34: (40.76, -73.96)
[2025-11-26T20:58:09.531+0000] {logging_mixin.py:190} INFO - Fetching weather for outlet 35: (40.82, -73.95)
[2025-11-26T20:58:09.538+0000] {logging_mixin.py:190} INFO - Fetching weather for outlet 36: (0, 0)
[2025-11-26T20:58:09.550+0000] {logging_mixin.py:190} INFO - Fetching weather for outlet 37: (40.74, -73.92)
[2025-11-26T20:58:09.558+0000] {logging_mixin.py:190} INFO - Fetching weather for outlet 38: (40.72, -73.88)
[2025-11-26T20:58:09.566+0000] {logging_mixin.py:190} INFO - Fetching weather for outlet 39: (40.71, -73.85)
[2025-11-26T20:58:09.571+0000] {logging_mixin.py:190} INFO - Fetching weather for outlet 40: (40.82, -73.97)
[2025-11-26T20:58:09.574+0000] {logging_mixin.py:190} INFO - Fetching weather for outlet 41: (0, 0)
[2025-11-26T20:58:09.579+0000] {logging_mixin.py:190} INFO - Fetching weather for outlet 42: (40.70, -73.88)
[2025-11-26T20:58:09.586+0000] {logging_mixin.py:190} INFO - Fetching weather for outlet 43: (40.81, -73.89)
[2025-11-26T20:58:09.596+0000] {logging_mixin.py:190} INFO - Fetching weather for outlet 44: (40.82, -73.99)
[2025-11-26T20:58:09.603+0000] {logging_mixin.py:190} INFO - Fetching weather for outlet 45: (40.75, -73.98)
[2025-11-26T20:58:09.612+0000] {logging_mixin.py:190} INFO - Fetching weather for outlet 46: (40.83, -73.91)
[2025-11-26T20:58:09.620+0000] {logging_mixin.py:190} INFO - Fetching weather for outlet 47: (40.75, -73.99)
[2025-11-26T20:58:09.625+0000] {logging_mixin.py:190} INFO - Fetching weather for outlet 48: (40.75, -73.95)
[2025-11-26T20:58:09.633+0000] {logging_mixin.py:190} INFO - Fetching weather for outlet 49: (40.81, -73.90)
[2025-11-26T20:58:09.641+0000] {logging_mixin.py:190} INFO - Fetching weather for outlet 50: (40.83, -73.93)
[2025-11-26T20:58:09.722+0000] {logging_mixin.py:190} INFO -                   timestamp  temperature_2m  ...  wind_speed_10m  outlet_id
0 2023-01-01 00:00:00+00:00           9.522  ...        2.160000          1
1 2023-01-01 01:00:00+00:00           9.722  ...        1.484318          1
2 2023-01-01 02:00:00+00:00          10.322  ...        3.219938          1
3 2023-01-01 03:00:00+00:00          10.322  ...        1.018234          1
4 2023-01-01 04:00:00+00:00          11.372  ...        6.162207          1

[5 rows x 5 columns]
[2025-11-26T20:58:14.288+0000] {python.py:240} INFO - Done. Returned value was: None
[2025-11-26T20:58:14.317+0000] {taskinstance.py:340} INFO - ::group::Post task execution logs
[2025-11-26T20:58:14.318+0000] {taskinstance.py:352} INFO - Marking task as SUCCESS. dag_id=fetch_weather_dag, task_id=fetch_weather_task, run_id=manual__2025-11-26T20:04:04.623227+00:00, execution_date=20251126T200404, start_date=20251126T205808, end_date=20251126T205814
[2025-11-26T20:58:14.384+0000] {local_task_job_runner.py:266} INFO - Task exited with return code 0
[2025-11-26T20:58:14.441+0000] {taskinstance.py:3900} INFO - 1 downstream tasks scheduled from follow-on schedule check
[2025-11-26T20:58:14.449+0000] {local_task_job_runner.py:245} INFO - ::endgroup::
