[2025-11-26T22:26:05.200+0000] {local_task_job_runner.py:123} INFO - ::group::Pre task execution logs
[2025-11-26T22:26:05.225+0000] {taskinstance.py:2612} INFO - Dependencies all met for dep_context=non-requeueable deps ti=<TaskInstance: fetch_weather_dag.fetch_weather manual__2025-11-26T22:25:49.621796+00:00 [queued]>
[2025-11-26T22:26:05.236+0000] {taskinstance.py:2612} INFO - Dependencies all met for dep_context=requeueable deps ti=<TaskInstance: fetch_weather_dag.fetch_weather manual__2025-11-26T22:25:49.621796+00:00 [queued]>
[2025-11-26T22:26:05.237+0000] {taskinstance.py:2865} INFO - Starting attempt 1 of 1
[2025-11-26T22:26:05.253+0000] {taskinstance.py:2888} INFO - Executing <Task(_PythonDecoratedOperator): fetch_weather> on 2025-11-26 22:25:49.621796+00:00
[2025-11-26T22:26:05.276+0000] {logging_mixin.py:190} WARNING - /home/***/.local/lib/python3.12/site-packages/***/task/task_runner/standard_task_runner.py:70 DeprecationWarning: This process (pid=3524) is multi-threaded, use of fork() may lead to deadlocks in the child.
[2025-11-26T22:26:05.279+0000] {standard_task_runner.py:72} INFO - Started process 3526 to run task
[2025-11-26T22:26:05.274+0000] {standard_task_runner.py:104} INFO - Running: ['***', 'tasks', 'run', 'fetch_weather_dag', 'fetch_weather', 'manual__2025-11-26T22:25:49.621796+00:00', '--job-id', '38', '--raw', '--subdir', 'DAGS_FOLDER/fetch_weather_dag.py', '--cfg-path', '/tmp/tmpyp62i3pd']
[2025-11-26T22:26:05.281+0000] {standard_task_runner.py:105} INFO - Job 38: Subtask fetch_weather
[2025-11-26T22:26:05.393+0000] {task_command.py:467} INFO - Running <TaskInstance: fetch_weather_dag.fetch_weather manual__2025-11-26T22:25:49.621796+00:00 [running]> on host 7fa3cbb25d21
[2025-11-26T22:26:05.823+0000] {taskinstance.py:3131} INFO - Exporting env vars: AIRFLOW_CTX_DAG_OWNER='***' AIRFLOW_CTX_DAG_ID='fetch_weather_dag' AIRFLOW_CTX_TASK_ID='fetch_weather' AIRFLOW_CTX_EXECUTION_DATE='2025-11-26T22:25:49.621796+00:00' AIRFLOW_CTX_TRY_NUMBER='1' AIRFLOW_CTX_DAG_RUN_ID='manual__2025-11-26T22:25:49.621796+00:00'
[2025-11-26T22:26:05.828+0000] {taskinstance.py:731} INFO - ::endgroup::
[2025-11-26T22:26:05.835+0000] {logging_mixin.py:190} INFO - Fetching weather for outlet 1: (40.76, -73.86)
[2025-11-26T22:26:08.373+0000] {logging_mixin.py:190} INFO - Fetching weather for outlet 2: (0.0, 0.0)
[2025-11-26T22:26:09.103+0000] {logging_mixin.py:190} INFO - Fetching weather for outlet 3: (40.81, -73.91)
[2025-11-26T22:26:09.907+0000] {logging_mixin.py:190} INFO - Fetching weather for outlet 4: (40.72, -73.98)
[2025-11-26T22:26:10.737+0000] {logging_mixin.py:190} INFO - Fetching weather for outlet 5: (40.71, -73.87)
[2025-11-26T22:26:11.389+0000] {logging_mixin.py:190} INFO - Fetching weather for outlet 6: (40.79, -73.89)
[2025-11-26T22:26:11.551+0000] {logging_mixin.py:190} INFO - Fetching weather for outlet 7: (40.7, -73.85)
[2025-11-26T22:26:11.744+0000] {logging_mixin.py:190} INFO - Fetching weather for outlet 8: (40.82, -73.97)
[2025-11-26T22:26:11.957+0000] {logging_mixin.py:190} INFO - Fetching weather for outlet 9: (40.73, -73.97)
[2025-11-26T22:26:12.905+0000] {logging_mixin.py:190} INFO - Fetching weather for outlet 10: (40.75, -73.92)
[2025-11-26T22:26:15.540+0000] {logging_mixin.py:190} INFO - Fetching weather for outlet 11: (40.76, -73.96)
[2025-11-26T22:26:16.964+0000] {logging_mixin.py:190} INFO - Fetching weather for outlet 12: (40.79, -73.98)
[2025-11-26T22:26:17.195+0000] {logging_mixin.py:190} INFO - Fetching weather for outlet 13: (40.74, -73.95)
[2025-11-26T22:26:17.385+0000] {logging_mixin.py:190} INFO - Fetching weather for outlet 14: (40.77, -73.88)
[2025-11-26T22:26:17.546+0000] {logging_mixin.py:190} INFO - Fetching weather for outlet 15: (40.73, -73.92)
[2025-11-26T22:26:17.748+0000] {logging_mixin.py:190} INFO - Fetching weather for outlet 16: (40.79, -73.99)
[2025-11-26T22:26:17.909+0000] {logging_mixin.py:190} INFO - Fetching weather for outlet 17: (40.79, -73.97)
[2025-11-26T22:26:18.096+0000] {logging_mixin.py:190} INFO - Fetching weather for outlet 18: (40.71, -73.86)
[2025-11-26T22:26:18.265+0000] {logging_mixin.py:190} INFO - Fetching weather for outlet 19: (40.84, -73.88)
[2025-11-26T22:26:19.132+0000] {logging_mixin.py:190} INFO - Fetching weather for outlet 20: (40.75, -73.99)
[2025-11-26T22:26:19.316+0000] {logging_mixin.py:190} INFO - Fetching weather for outlet 21: (40.8, -73.93)
[2025-11-26T22:26:19.481+0000] {logging_mixin.py:190} INFO - Fetching weather for outlet 22: (40.72, -73.93)
[2025-11-26T22:26:19.683+0000] {logging_mixin.py:190} INFO - Fetching weather for outlet 23: (0.0, 0.0)
[2025-11-26T22:26:19.687+0000] {logging_mixin.py:190} INFO - Fetching weather for outlet 24: (40.71, -73.86)
[2025-11-26T22:26:19.691+0000] {logging_mixin.py:190} INFO - Fetching weather for outlet 25: (40.74, -73.9)
[2025-11-26T22:26:19.857+0000] {logging_mixin.py:190} INFO - Fetching weather for outlet 26: (40.75, -73.92)
[2025-11-26T22:26:19.861+0000] {logging_mixin.py:190} INFO - Fetching weather for outlet 27: (40.78, -73.97)
[2025-11-26T22:26:20.044+0000] {logging_mixin.py:190} INFO - Fetching weather for outlet 28: (40.85, -73.88)
[2025-11-26T22:26:21.001+0000] {logging_mixin.py:190} INFO - Fetching weather for outlet 29: (0.0, 0.0)
[2025-11-26T22:26:21.007+0000] {logging_mixin.py:190} INFO - Fetching weather for outlet 30: (40.84, -73.87)
[2025-11-26T22:26:21.218+0000] {logging_mixin.py:190} INFO - Fetching weather for outlet 31: (40.79, -73.86)
[2025-11-26T22:26:21.383+0000] {logging_mixin.py:190} INFO - Fetching weather for outlet 32: (40.71, -73.97)
[2025-11-26T22:26:21.558+0000] {logging_mixin.py:190} INFO - Fetching weather for outlet 33: (40.71, -73.95)
[2025-11-26T22:26:21.735+0000] {logging_mixin.py:190} INFO - Fetching weather for outlet 34: (40.76, -73.96)
[2025-11-26T22:26:21.748+0000] {logging_mixin.py:190} INFO - Fetching weather for outlet 35: (40.82, -73.95)
[2025-11-26T22:26:21.936+0000] {logging_mixin.py:190} INFO - Fetching weather for outlet 36: (0.0, 0.0)
[2025-11-26T22:26:21.940+0000] {logging_mixin.py:190} INFO - Fetching weather for outlet 37: (40.74, -73.92)
[2025-11-26T22:26:22.106+0000] {logging_mixin.py:190} INFO - Fetching weather for outlet 38: (40.72, -73.88)
[2025-11-26T22:26:22.275+0000] {logging_mixin.py:190} INFO - Fetching weather for outlet 39: (40.71, -73.85)
[2025-11-26T22:26:22.464+0000] {logging_mixin.py:190} INFO - Fetching weather for outlet 40: (40.82, -73.97)
[2025-11-26T22:26:22.469+0000] {logging_mixin.py:190} INFO - Fetching weather for outlet 41: (0.0, 0.0)
[2025-11-26T22:26:22.477+0000] {logging_mixin.py:190} INFO - Fetching weather for outlet 42: (40.7, -73.88)
[2025-11-26T22:26:22.671+0000] {logging_mixin.py:190} INFO - Fetching weather for outlet 43: (40.81, -73.89)
[2025-11-26T22:26:22.891+0000] {logging_mixin.py:190} INFO - Fetching weather for outlet 44: (40.82, -73.99)
[2025-11-26T22:26:23.062+0000] {logging_mixin.py:190} INFO - Fetching weather for outlet 45: (40.75, -73.98)
[2025-11-26T22:26:23.244+0000] {logging_mixin.py:190} INFO - Fetching weather for outlet 46: (40.83, -73.91)
[2025-11-26T22:26:23.447+0000] {logging_mixin.py:190} INFO - Fetching weather for outlet 47: (40.75, -73.99)
[2025-11-26T22:26:23.452+0000] {logging_mixin.py:190} INFO - Fetching weather for outlet 48: (40.75, -73.95)
[2025-11-26T22:26:23.617+0000] {logging_mixin.py:190} INFO - Fetching weather for outlet 49: (40.81, -73.9)
[2025-11-26T22:26:23.653+0000] {taskinstance.py:3310} ERROR - Task failed with exception
Traceback (most recent call last):
  File "/home/airflow/.local/lib/python3.12/site-packages/openmeteo_requests/Client.py", line 88, in weather_api
    return self._request(
           ^^^^^^^^^^^^^^
  File "/home/airflow/.local/lib/python3.12/site-packages/openmeteo_requests/Client.py", line 72, in _request
    raise OpenMeteoRequestsError(response_body)
openmeteo_requests.Client.OpenMeteoRequestsError: {'reason': 'Minutely API request limit exceeded. Please try again in one minute.', 'error': True}

The above exception was the direct cause of the following exception:

Traceback (most recent call last):
  File "/home/airflow/.local/lib/python3.12/site-packages/airflow/models/taskinstance.py", line 767, in _execute_task
    result = _execute_callable(context=context, **execute_callable_kwargs)
             ^^^^^^^^^^^^^^^^^^^^^^^^^^^^^^^^^^^^^^^^^^^^^^^^^^^^^^^^^^^^^
  File "/home/airflow/.local/lib/python3.12/site-packages/airflow/models/taskinstance.py", line 733, in _execute_callable
    return ExecutionCallableRunner(
           ^^^^^^^^^^^^^^^^^^^^^^^^
  File "/home/airflow/.local/lib/python3.12/site-packages/airflow/utils/operator_helpers.py", line 252, in run
    return self.func(*args, **kwargs)
           ^^^^^^^^^^^^^^^^^^^^^^^^^^
  File "/home/airflow/.local/lib/python3.12/site-packages/airflow/models/baseoperator.py", line 406, in wrapper
    return func(self, *args, **kwargs)
           ^^^^^^^^^^^^^^^^^^^^^^^^^^^
  File "/home/airflow/.local/lib/python3.12/site-packages/airflow/decorators/base.py", line 266, in execute
    return_value = super().execute(context)
                   ^^^^^^^^^^^^^^^^^^^^^^^^
  File "/home/airflow/.local/lib/python3.12/site-packages/airflow/models/baseoperator.py", line 406, in wrapper
    return func(self, *args, **kwargs)
           ^^^^^^^^^^^^^^^^^^^^^^^^^^^
  File "/home/airflow/.local/lib/python3.12/site-packages/airflow/operators/python.py", line 238, in execute
    return_value = self.execute_callable()
                   ^^^^^^^^^^^^^^^^^^^^^^^
  File "/home/airflow/.local/lib/python3.12/site-packages/airflow/operators/python.py", line 256, in execute_callable
    return runner.run(*self.op_args, **self.op_kwargs)
           ^^^^^^^^^^^^^^^^^^^^^^^^^^^^^^^^^^^^^^^^^^^
  File "/home/airflow/.local/lib/python3.12/site-packages/airflow/utils/operator_helpers.py", line 252, in run
    return self.func(*args, **kwargs)
           ^^^^^^^^^^^^^^^^^^^^^^^^^^
  File "/opt/airflow/dags/fetch_weather_dag.py", line 114, in fetch_weather
    df1 = fetch_hourly_weather(lat, lon)
          ^^^^^^^^^^^^^^^^^^^^^^^^^^^^^^
  File "/opt/airflow/dags/fetch_weather_dag.py", line 43, in fetch_hourly_weather
    responses = openmeteo.weather_api(url, params=params)
                ^^^^^^^^^^^^^^^^^^^^^^^^^^^^^^^^^^^^^^^^^
  File "/home/airflow/.local/lib/python3.12/site-packages/openmeteo_requests/Client.py", line 97, in weather_api
    raise OpenMeteoRequestsError(msg) from e
openmeteo_requests.Client.OpenMeteoRequestsError: failed to request 'https://historical-forecast-api.open-meteo.com/v1/forecast': {'reason': 'Minutely API request limit exceeded. Please try again in one minute.', 'error': True}
[2025-11-26T22:26:23.700+0000] {taskinstance.py:1225} INFO - Marking task as FAILED. dag_id=fetch_weather_dag, task_id=fetch_weather, run_id=manual__2025-11-26T22:25:49.621796+00:00, execution_date=20251126T222549, start_date=20251126T222605, end_date=20251126T222623
[2025-11-26T22:26:23.724+0000] {taskinstance.py:340} INFO - ::group::Post task execution logs
[2025-11-26T22:26:23.725+0000] {standard_task_runner.py:124} ERROR - Failed to execute job 38 for task fetch_weather (failed to request 'https://historical-forecast-api.open-meteo.com/v1/forecast': {'reason': 'Minutely API request limit exceeded. Please try again in one minute.', 'error': True}; 3526)
Traceback (most recent call last):
  File "/home/airflow/.local/lib/python3.12/site-packages/openmeteo_requests/Client.py", line 88, in weather_api
    return self._request(
           ^^^^^^^^^^^^^^
  File "/home/airflow/.local/lib/python3.12/site-packages/openmeteo_requests/Client.py", line 72, in _request
    raise OpenMeteoRequestsError(response_body)
openmeteo_requests.Client.OpenMeteoRequestsError: {'reason': 'Minutely API request limit exceeded. Please try again in one minute.', 'error': True}

The above exception was the direct cause of the following exception:

Traceback (most recent call last):
  File "/home/airflow/.local/lib/python3.12/site-packages/airflow/task/task_runner/standard_task_runner.py", line 117, in _start_by_fork
    ret = args.func(args, dag=self.dag)
          ^^^^^^^^^^^^^^^^^^^^^^^^^^^^^
  File "/home/airflow/.local/lib/python3.12/site-packages/airflow/cli/cli_config.py", line 49, in command
    return func(*args, **kwargs)
           ^^^^^^^^^^^^^^^^^^^^^
  File "/home/airflow/.local/lib/python3.12/site-packages/airflow/utils/cli.py", line 115, in wrapper
    return f(*args, **kwargs)
           ^^^^^^^^^^^^^^^^^^
  File "/home/airflow/.local/lib/python3.12/site-packages/airflow/cli/commands/task_command.py", line 483, in task_run
    task_return_code = _run_task_by_selected_method(args, _dag, ti)
                       ^^^^^^^^^^^^^^^^^^^^^^^^^^^^^^^^^^^^^^^^^^^^
  File "/home/airflow/.local/lib/python3.12/site-packages/airflow/cli/commands/task_command.py", line 256, in _run_task_by_selected_method
    return _run_raw_task(args, ti)
           ^^^^^^^^^^^^^^^^^^^^^^^
  File "/home/airflow/.local/lib/python3.12/site-packages/airflow/cli/commands/task_command.py", line 341, in _run_raw_task
    return ti._run_raw_task(
           ^^^^^^^^^^^^^^^^^
  File "/home/airflow/.local/lib/python3.12/site-packages/airflow/utils/session.py", line 97, in wrapper
    return func(*args, session=session, **kwargs)
           ^^^^^^^^^^^^^^^^^^^^^^^^^^^^^^^^^^^^^^
  File "/home/airflow/.local/lib/python3.12/site-packages/airflow/models/taskinstance.py", line 3004, in _run_raw_task
    return _run_raw_task(
           ^^^^^^^^^^^^^^
  File "/home/airflow/.local/lib/python3.12/site-packages/airflow/models/taskinstance.py", line 273, in _run_raw_task
    TaskInstance._execute_task_with_callbacks(
  File "/home/airflow/.local/lib/python3.12/site-packages/airflow/models/taskinstance.py", line 3158, in _execute_task_with_callbacks
    result = self._execute_task(context, task_orig)
             ^^^^^^^^^^^^^^^^^^^^^^^^^^^^^^^^^^^^^^
  File "/home/airflow/.local/lib/python3.12/site-packages/airflow/models/taskinstance.py", line 3182, in _execute_task
    return _execute_task(self, context, task_orig)
           ^^^^^^^^^^^^^^^^^^^^^^^^^^^^^^^^^^^^^^^
  File "/home/airflow/.local/lib/python3.12/site-packages/airflow/models/taskinstance.py", line 767, in _execute_task
    result = _execute_callable(context=context, **execute_callable_kwargs)
             ^^^^^^^^^^^^^^^^^^^^^^^^^^^^^^^^^^^^^^^^^^^^^^^^^^^^^^^^^^^^^
  File "/home/airflow/.local/lib/python3.12/site-packages/airflow/models/taskinstance.py", line 733, in _execute_callable
    return ExecutionCallableRunner(
           ^^^^^^^^^^^^^^^^^^^^^^^^
  File "/home/airflow/.local/lib/python3.12/site-packages/airflow/utils/operator_helpers.py", line 252, in run
    return self.func(*args, **kwargs)
           ^^^^^^^^^^^^^^^^^^^^^^^^^^
  File "/home/airflow/.local/lib/python3.12/site-packages/airflow/models/baseoperator.py", line 406, in wrapper
    return func(self, *args, **kwargs)
           ^^^^^^^^^^^^^^^^^^^^^^^^^^^
  File "/home/airflow/.local/lib/python3.12/site-packages/airflow/decorators/base.py", line 266, in execute
    return_value = super().execute(context)
                   ^^^^^^^^^^^^^^^^^^^^^^^^
  File "/home/airflow/.local/lib/python3.12/site-packages/airflow/models/baseoperator.py", line 406, in wrapper
    return func(self, *args, **kwargs)
           ^^^^^^^^^^^^^^^^^^^^^^^^^^^
  File "/home/airflow/.local/lib/python3.12/site-packages/airflow/operators/python.py", line 238, in execute
    return_value = self.execute_callable()
                   ^^^^^^^^^^^^^^^^^^^^^^^
  File "/home/airflow/.local/lib/python3.12/site-packages/airflow/operators/python.py", line 256, in execute_callable
    return runner.run(*self.op_args, **self.op_kwargs)
           ^^^^^^^^^^^^^^^^^^^^^^^^^^^^^^^^^^^^^^^^^^^
  File "/home/airflow/.local/lib/python3.12/site-packages/airflow/utils/operator_helpers.py", line 252, in run
    return self.func(*args, **kwargs)
           ^^^^^^^^^^^^^^^^^^^^^^^^^^
  File "/opt/airflow/dags/fetch_weather_dag.py", line 114, in fetch_weather
    df1 = fetch_hourly_weather(lat, lon)
          ^^^^^^^^^^^^^^^^^^^^^^^^^^^^^^
  File "/opt/airflow/dags/fetch_weather_dag.py", line 43, in fetch_hourly_weather
    responses = openmeteo.weather_api(url, params=params)
                ^^^^^^^^^^^^^^^^^^^^^^^^^^^^^^^^^^^^^^^^^
  File "/home/airflow/.local/lib/python3.12/site-packages/openmeteo_requests/Client.py", line 97, in weather_api
    raise OpenMeteoRequestsError(msg) from e
openmeteo_requests.Client.OpenMeteoRequestsError: failed to request 'https://historical-forecast-api.open-meteo.com/v1/forecast': {'reason': 'Minutely API request limit exceeded. Please try again in one minute.', 'error': True}
[2025-11-26T22:26:23.778+0000] {local_task_job_runner.py:266} INFO - Task exited with return code 1
[2025-11-26T22:26:23.806+0000] {taskinstance.py:3900} INFO - 0 downstream tasks scheduled from follow-on schedule check
[2025-11-26T22:26:23.812+0000] {local_task_job_runner.py:245} INFO - ::endgroup::
