[2025-11-27T08:00:14.548+0000] {local_task_job_runner.py:123} INFO - ::group::Pre task execution logs
[2025-11-27T08:00:14.575+0000] {taskinstance.py:2612} INFO - Dependencies all met for dep_context=non-requeueable deps ti=<TaskInstance: fetch_weather_dag.fetch_weather scheduled__2025-11-27T07:00:00+00:00 [queued]>
[2025-11-27T08:00:14.585+0000] {taskinstance.py:2612} INFO - Dependencies all met for dep_context=requeueable deps ti=<TaskInstance: fetch_weather_dag.fetch_weather scheduled__2025-11-27T07:00:00+00:00 [queued]>
[2025-11-27T08:00:14.586+0000] {taskinstance.py:2865} INFO - Starting attempt 1 of 1
[2025-11-27T08:00:14.608+0000] {taskinstance.py:2888} INFO - Executing <Task(_PythonDecoratedOperator): fetch_weather> on 2025-11-27 07:00:00+00:00
[2025-11-27T08:00:14.626+0000] {logging_mixin.py:190} WARNING - /home/***/.local/lib/python3.12/site-packages/***/task/task_runner/standard_task_runner.py:70 DeprecationWarning: This process (pid=15831) is multi-threaded, use of fork() may lead to deadlocks in the child.
[2025-11-27T08:00:14.629+0000] {standard_task_runner.py:72} INFO - Started process 15833 to run task
[2025-11-27T08:00:14.626+0000] {standard_task_runner.py:104} INFO - Running: ['***', 'tasks', 'run', 'fetch_weather_dag', 'fetch_weather', 'scheduled__2025-11-27T07:00:00+00:00', '--job-id', '59', '--raw', '--subdir', 'DAGS_FOLDER/fetch_weather_dag.py', '--cfg-path', '/tmp/tmpnq8u20ch']
[2025-11-27T08:00:14.631+0000] {standard_task_runner.py:105} INFO - Job 59: Subtask fetch_weather
[2025-11-27T08:00:14.738+0000] {task_command.py:467} INFO - Running <TaskInstance: fetch_weather_dag.fetch_weather scheduled__2025-11-27T07:00:00+00:00 [running]> on host 7fa3cbb25d21
[2025-11-27T08:00:15.107+0000] {taskinstance.py:3131} INFO - Exporting env vars: AIRFLOW_CTX_DAG_OWNER='***' AIRFLOW_CTX_DAG_ID='fetch_weather_dag' AIRFLOW_CTX_TASK_ID='fetch_weather' AIRFLOW_CTX_EXECUTION_DATE='2025-11-27T07:00:00+00:00' AIRFLOW_CTX_TRY_NUMBER='1' AIRFLOW_CTX_DAG_RUN_ID='scheduled__2025-11-27T07:00:00+00:00'
[2025-11-27T08:00:15.109+0000] {taskinstance.py:731} INFO - ::endgroup::
[2025-11-27T08:00:15.115+0000] {logging_mixin.py:190} INFO - Fetching weather for outlet 1: (40.76, -73.86)
[2025-11-27T08:00:15.195+0000] {logging_mixin.py:190} INFO - Fetching weather for outlet 2: (0.0, 0.0)
[2025-11-27T08:00:15.204+0000] {logging_mixin.py:190} INFO - Fetching weather for outlet 3: (40.81, -73.91)
[2025-11-27T08:00:15.221+0000] {logging_mixin.py:190} INFO - Fetching weather for outlet 4: (40.72, -73.98)
[2025-11-27T08:00:15.240+0000] {logging_mixin.py:190} INFO - Fetching weather for outlet 5: (40.71, -73.87)
[2025-11-27T08:00:15.255+0000] {logging_mixin.py:190} INFO - Fetching weather for outlet 6: (40.79, -73.89)
[2025-11-27T08:00:15.270+0000] {logging_mixin.py:190} INFO - Fetching weather for outlet 7: (40.7, -73.85)
[2025-11-27T08:00:15.280+0000] {logging_mixin.py:190} INFO - Fetching weather for outlet 8: (40.82, -73.97)
[2025-11-27T08:00:15.291+0000] {logging_mixin.py:190} INFO - Fetching weather for outlet 9: (40.73, -73.97)
[2025-11-27T08:00:15.301+0000] {logging_mixin.py:190} INFO - Fetching weather for outlet 10: (40.75, -73.92)
[2025-11-27T08:00:15.311+0000] {logging_mixin.py:190} INFO - Fetching weather for outlet 11: (40.76, -73.96)
[2025-11-27T08:00:15.324+0000] {logging_mixin.py:190} INFO - Fetching weather for outlet 12: (40.79, -73.98)
[2025-11-27T08:00:15.332+0000] {logging_mixin.py:190} INFO - Fetching weather for outlet 13: (40.74, -73.95)
[2025-11-27T08:00:15.341+0000] {logging_mixin.py:190} INFO - Fetching weather for outlet 14: (40.77, -73.88)
[2025-11-27T08:00:15.354+0000] {logging_mixin.py:190} INFO - Fetching weather for outlet 15: (40.73, -73.92)
[2025-11-27T08:00:15.366+0000] {logging_mixin.py:190} INFO - Fetching weather for outlet 16: (40.79, -73.99)
[2025-11-27T08:00:15.373+0000] {logging_mixin.py:190} INFO - Fetching weather for outlet 17: (40.79, -73.97)
[2025-11-27T08:00:15.387+0000] {logging_mixin.py:190} INFO - Fetching weather for outlet 18: (40.71, -73.86)
[2025-11-27T08:00:15.399+0000] {logging_mixin.py:190} INFO - Fetching weather for outlet 19: (40.84, -73.88)
[2025-11-27T08:00:15.411+0000] {logging_mixin.py:190} INFO - Fetching weather for outlet 20: (40.75, -73.99)
[2025-11-27T08:00:15.419+0000] {logging_mixin.py:190} INFO - Fetching weather for outlet 21: (40.8, -73.93)
[2025-11-27T08:00:15.430+0000] {logging_mixin.py:190} INFO - Fetching weather for outlet 22: (40.72, -73.93)
[2025-11-27T08:00:15.444+0000] {logging_mixin.py:190} INFO - Fetching weather for outlet 23: (0.0, 0.0)
[2025-11-27T08:00:15.448+0000] {logging_mixin.py:190} INFO - Fetching weather for outlet 24: (40.71, -73.86)
[2025-11-27T08:00:15.452+0000] {logging_mixin.py:190} INFO - Fetching weather for outlet 25: (40.74, -73.9)
[2025-11-27T08:00:15.462+0000] {logging_mixin.py:190} INFO - Fetching weather for outlet 26: (40.75, -73.92)
[2025-11-27T08:00:15.466+0000] {logging_mixin.py:190} INFO - Fetching weather for outlet 27: (40.78, -73.97)
[2025-11-27T08:00:15.480+0000] {logging_mixin.py:190} INFO - Fetching weather for outlet 28: (40.85, -73.88)
[2025-11-27T08:00:15.494+0000] {logging_mixin.py:190} INFO - Fetching weather for outlet 29: (0.0, 0.0)
[2025-11-27T08:00:15.498+0000] {logging_mixin.py:190} INFO - Fetching weather for outlet 30: (40.84, -73.87)
[2025-11-27T08:00:15.509+0000] {logging_mixin.py:190} INFO - Fetching weather for outlet 31: (40.79, -73.86)
[2025-11-27T08:00:15.519+0000] {logging_mixin.py:190} INFO - Fetching weather for outlet 32: (40.71, -73.97)
[2025-11-27T08:00:15.530+0000] {logging_mixin.py:190} INFO - Fetching weather for outlet 33: (40.71, -73.95)
[2025-11-27T08:00:15.544+0000] {logging_mixin.py:190} INFO - Fetching weather for outlet 34: (40.76, -73.96)
[2025-11-27T08:00:15.548+0000] {logging_mixin.py:190} INFO - Fetching weather for outlet 35: (40.82, -73.95)
[2025-11-27T08:00:15.563+0000] {logging_mixin.py:190} INFO - Fetching weather for outlet 36: (0.0, 0.0)
[2025-11-27T08:00:15.567+0000] {logging_mixin.py:190} INFO - Fetching weather for outlet 37: (40.74, -73.92)
[2025-11-27T08:00:15.576+0000] {logging_mixin.py:190} INFO - Fetching weather for outlet 38: (40.72, -73.88)
[2025-11-27T08:00:18.943+0000] {logging_mixin.py:190} INFO - Fetching weather for outlet 39: (40.71, -73.85)
[2025-11-27T08:00:19.190+0000] {logging_mixin.py:190} INFO - Fetching weather for outlet 40: (40.82, -73.97)
[2025-11-27T08:00:19.199+0000] {logging_mixin.py:190} INFO - Fetching weather for outlet 41: (0.0, 0.0)
[2025-11-27T08:00:19.648+0000] {logging_mixin.py:190} INFO - Fetching weather for outlet 42: (40.7, -73.88)
[2025-11-27T08:00:20.401+0000] {logging_mixin.py:190} INFO - Fetching weather for outlet 43: (40.81, -73.89)
[2025-11-27T08:00:21.119+0000] {logging_mixin.py:190} INFO - Fetching weather for outlet 44: (40.82, -73.99)
[2025-11-27T08:00:21.282+0000] {logging_mixin.py:190} INFO - Fetching weather for outlet 45: (40.75, -73.98)
[2025-11-27T08:00:21.841+0000] {logging_mixin.py:190} INFO - Fetching weather for outlet 46: (40.83, -73.91)
[2025-11-27T08:00:22.529+0000] {logging_mixin.py:190} INFO - Fetching weather for outlet 47: (40.75, -73.99)
[2025-11-27T08:00:22.534+0000] {logging_mixin.py:190} INFO - Fetching weather for outlet 48: (40.75, -73.95)
[2025-11-27T08:00:22.736+0000] {logging_mixin.py:190} INFO - Fetching weather for outlet 49: (40.81, -73.9)
[2025-11-27T08:00:22.748+0000] {logging_mixin.py:190} INFO - Fetching weather for outlet 50: (40.83, -73.93)
[2025-11-27T08:00:22.907+0000] {crypto.py:82} WARNING - empty cryptography key - values will not be stored encrypted.
[2025-11-27T08:00:22.909+0000] {base.py:84} INFO - Retrieving connection '***_dbt'
[2025-11-27T08:00:22.914+0000] {base.py:84} INFO - Retrieving connection '***_dbt'
[2025-11-27T08:01:32.109+0000] {python.py:240} INFO - Done. Returned value was: None
[2025-11-27T08:01:32.185+0000] {taskinstance.py:340} INFO - ::group::Post task execution logs
[2025-11-27T08:01:32.188+0000] {taskinstance.py:352} INFO - Marking task as SUCCESS. dag_id=fetch_weather_dag, task_id=fetch_weather, run_id=scheduled__2025-11-27T07:00:00+00:00, execution_date=20251127T070000, start_date=20251127T080014, end_date=20251127T080132
[2025-11-27T08:01:32.368+0000] {local_task_job_runner.py:266} INFO - Task exited with return code 0
[2025-11-27T08:01:32.780+0000] {taskinstance.py:3900} INFO - 0 downstream tasks scheduled from follow-on schedule check
[2025-11-27T08:01:32.789+0000] {local_task_job_runner.py:245} INFO - ::endgroup::
