[2025-11-27T07:00:13.349+0000] {local_task_job_runner.py:123} INFO - ::group::Pre task execution logs
[2025-11-27T07:00:13.374+0000] {taskinstance.py:2612} INFO - Dependencies all met for dep_context=non-requeueable deps ti=<TaskInstance: fetch_weather_dag.fetch_weather scheduled__2025-11-27T06:00:00+00:00 [queued]>
[2025-11-27T07:00:13.383+0000] {taskinstance.py:2612} INFO - Dependencies all met for dep_context=requeueable deps ti=<TaskInstance: fetch_weather_dag.fetch_weather scheduled__2025-11-27T06:00:00+00:00 [queued]>
[2025-11-27T07:00:13.384+0000] {taskinstance.py:2865} INFO - Starting attempt 1 of 1
[2025-11-27T07:00:13.402+0000] {taskinstance.py:2888} INFO - Executing <Task(_PythonDecoratedOperator): fetch_weather> on 2025-11-27 06:00:00+00:00
[2025-11-27T07:00:13.415+0000] {logging_mixin.py:190} WARNING - /home/***/.local/lib/python3.12/site-packages/***/task/task_runner/standard_task_runner.py:70 DeprecationWarning: This process (pid=14545) is multi-threaded, use of fork() may lead to deadlocks in the child.
[2025-11-27T07:00:13.416+0000] {standard_task_runner.py:72} INFO - Started process 14553 to run task
[2025-11-27T07:00:13.415+0000] {standard_task_runner.py:104} INFO - Running: ['***', 'tasks', 'run', 'fetch_weather_dag', 'fetch_weather', 'scheduled__2025-11-27T06:00:00+00:00', '--job-id', '57', '--raw', '--subdir', 'DAGS_FOLDER/fetch_weather_dag.py', '--cfg-path', '/tmp/tmpqeolgldn']
[2025-11-27T07:00:13.418+0000] {standard_task_runner.py:105} INFO - Job 57: Subtask fetch_weather
[2025-11-27T07:00:13.508+0000] {task_command.py:467} INFO - Running <TaskInstance: fetch_weather_dag.fetch_weather scheduled__2025-11-27T06:00:00+00:00 [running]> on host 7fa3cbb25d21
[2025-11-27T07:00:13.903+0000] {taskinstance.py:3131} INFO - Exporting env vars: AIRFLOW_CTX_DAG_OWNER='***' AIRFLOW_CTX_DAG_ID='fetch_weather_dag' AIRFLOW_CTX_TASK_ID='fetch_weather' AIRFLOW_CTX_EXECUTION_DATE='2025-11-27T06:00:00+00:00' AIRFLOW_CTX_TRY_NUMBER='1' AIRFLOW_CTX_DAG_RUN_ID='scheduled__2025-11-27T06:00:00+00:00'
[2025-11-27T07:00:13.906+0000] {taskinstance.py:731} INFO - ::endgroup::
[2025-11-27T07:00:13.911+0000] {logging_mixin.py:190} INFO - Fetching weather for outlet 1: (40.76, -73.86)
[2025-11-27T07:00:16.008+0000] {logging_mixin.py:190} INFO - Fetching weather for outlet 2: (0.0, 0.0)
[2025-11-27T07:00:16.484+0000] {logging_mixin.py:190} INFO - Fetching weather for outlet 3: (40.81, -73.91)
[2025-11-27T07:00:17.284+0000] {logging_mixin.py:190} INFO - Fetching weather for outlet 4: (40.72, -73.98)
[2025-11-27T07:00:18.089+0000] {logging_mixin.py:190} INFO - Fetching weather for outlet 5: (40.71, -73.87)
[2025-11-27T07:00:21.473+0000] {logging_mixin.py:190} INFO - Fetching weather for outlet 6: (40.79, -73.89)
[2025-11-27T07:00:24.370+0000] {logging_mixin.py:190} INFO - Fetching weather for outlet 7: (40.7, -73.85)
[2025-11-27T07:00:24.561+0000] {logging_mixin.py:190} INFO - Fetching weather for outlet 8: (40.82, -73.97)
[2025-11-27T07:00:24.694+0000] {logging_mixin.py:190} INFO - Fetching weather for outlet 9: (40.73, -73.97)
[2025-11-27T07:00:24.853+0000] {logging_mixin.py:190} INFO - Fetching weather for outlet 10: (40.75, -73.92)
[2025-11-27T07:00:25.389+0000] {logging_mixin.py:190} INFO - Fetching weather for outlet 11: (40.76, -73.96)
[2025-11-27T07:00:25.553+0000] {logging_mixin.py:190} INFO - Fetching weather for outlet 12: (40.79, -73.98)
[2025-11-27T07:00:25.674+0000] {logging_mixin.py:190} INFO - Fetching weather for outlet 13: (40.74, -73.95)
[2025-11-27T07:00:25.792+0000] {logging_mixin.py:190} INFO - Fetching weather for outlet 14: (40.77, -73.88)
[2025-11-27T07:00:25.936+0000] {logging_mixin.py:190} INFO - Fetching weather for outlet 15: (40.73, -73.92)
[2025-11-27T07:00:26.091+0000] {logging_mixin.py:190} INFO - Fetching weather for outlet 16: (40.79, -73.99)
[2025-11-27T07:00:26.255+0000] {logging_mixin.py:190} INFO - Fetching weather for outlet 17: (40.79, -73.97)
[2025-11-27T07:00:26.415+0000] {logging_mixin.py:190} INFO - Fetching weather for outlet 18: (40.71, -73.86)
[2025-11-27T07:00:26.602+0000] {logging_mixin.py:190} INFO - Fetching weather for outlet 19: (40.84, -73.88)
[2025-11-27T07:00:27.398+0000] {logging_mixin.py:190} INFO - Fetching weather for outlet 20: (40.75, -73.99)
[2025-11-27T07:00:27.558+0000] {logging_mixin.py:190} INFO - Fetching weather for outlet 21: (40.8, -73.93)
[2025-11-27T07:00:27.712+0000] {logging_mixin.py:190} INFO - Fetching weather for outlet 22: (40.72, -73.93)
[2025-11-27T07:00:27.872+0000] {logging_mixin.py:190} INFO - Fetching weather for outlet 23: (0.0, 0.0)
[2025-11-27T07:00:27.875+0000] {logging_mixin.py:190} INFO - Fetching weather for outlet 24: (40.71, -73.86)
[2025-11-27T07:00:27.879+0000] {logging_mixin.py:190} INFO - Fetching weather for outlet 25: (40.74, -73.9)
[2025-11-27T07:00:28.063+0000] {logging_mixin.py:190} INFO - Fetching weather for outlet 26: (40.75, -73.92)
[2025-11-27T07:00:28.071+0000] {logging_mixin.py:190} INFO - Fetching weather for outlet 27: (40.78, -73.97)
[2025-11-27T07:00:28.259+0000] {logging_mixin.py:190} INFO - Fetching weather for outlet 28: (40.85, -73.88)
[2025-11-27T07:00:28.894+0000] {logging_mixin.py:190} INFO - Fetching weather for outlet 29: (0.0, 0.0)
[2025-11-27T07:00:28.899+0000] {logging_mixin.py:190} INFO - Fetching weather for outlet 30: (40.84, -73.87)
[2025-11-27T07:00:29.079+0000] {logging_mixin.py:190} INFO - Fetching weather for outlet 31: (40.79, -73.86)
[2025-11-27T07:00:29.268+0000] {logging_mixin.py:190} INFO - Fetching weather for outlet 32: (40.71, -73.97)
[2025-11-27T07:00:29.446+0000] {logging_mixin.py:190} INFO - Fetching weather for outlet 33: (40.71, -73.95)
[2025-11-27T07:00:29.639+0000] {logging_mixin.py:190} INFO - Fetching weather for outlet 34: (40.76, -73.96)
[2025-11-27T07:00:29.647+0000] {logging_mixin.py:190} INFO - Fetching weather for outlet 35: (40.82, -73.95)
[2025-11-27T07:00:29.795+0000] {logging_mixin.py:190} INFO - Fetching weather for outlet 36: (0.0, 0.0)
[2025-11-27T07:00:29.799+0000] {logging_mixin.py:190} INFO - Fetching weather for outlet 37: (40.74, -73.92)
[2025-11-27T07:00:29.943+0000] {logging_mixin.py:190} INFO - Fetching weather for outlet 38: (40.72, -73.88)
[2025-11-27T07:00:29.952+0000] {logging_mixin.py:190} INFO - Fetching weather for outlet 39: (40.71, -73.85)
[2025-11-27T07:00:29.962+0000] {logging_mixin.py:190} INFO - Fetching weather for outlet 40: (40.82, -73.97)
[2025-11-27T07:00:29.966+0000] {logging_mixin.py:190} INFO - Fetching weather for outlet 41: (0.0, 0.0)
[2025-11-27T07:00:29.970+0000] {logging_mixin.py:190} INFO - Fetching weather for outlet 42: (40.7, -73.88)
[2025-11-27T07:00:29.983+0000] {logging_mixin.py:190} INFO - Fetching weather for outlet 43: (40.81, -73.89)
[2025-11-27T07:00:29.992+0000] {logging_mixin.py:190} INFO - Fetching weather for outlet 44: (40.82, -73.99)
[2025-11-27T07:00:30.002+0000] {logging_mixin.py:190} INFO - Fetching weather for outlet 45: (40.75, -73.98)
[2025-11-27T07:00:30.012+0000] {logging_mixin.py:190} INFO - Fetching weather for outlet 46: (40.83, -73.91)
[2025-11-27T07:00:30.020+0000] {logging_mixin.py:190} INFO - Fetching weather for outlet 47: (40.75, -73.99)
[2025-11-27T07:00:30.024+0000] {logging_mixin.py:190} INFO - Fetching weather for outlet 48: (40.75, -73.95)
[2025-11-27T07:00:30.035+0000] {logging_mixin.py:190} INFO - Fetching weather for outlet 49: (40.81, -73.9)
[2025-11-27T07:00:30.175+0000] {logging_mixin.py:190} INFO - Fetching weather for outlet 50: (40.83, -73.93)
[2025-11-27T07:00:30.367+0000] {crypto.py:82} WARNING - empty cryptography key - values will not be stored encrypted.
[2025-11-27T07:00:30.368+0000] {base.py:84} INFO - Retrieving connection '***_dbt'
[2025-11-27T07:00:30.370+0000] {base.py:84} INFO - Retrieving connection '***_dbt'
[2025-11-27T07:01:20.155+0000] {python.py:240} INFO - Done. Returned value was: None
[2025-11-27T07:01:20.175+0000] {taskinstance.py:340} INFO - ::group::Post task execution logs
[2025-11-27T07:01:20.176+0000] {taskinstance.py:352} INFO - Marking task as SUCCESS. dag_id=fetch_weather_dag, task_id=fetch_weather, run_id=scheduled__2025-11-27T06:00:00+00:00, execution_date=20251127T060000, start_date=20251127T070013, end_date=20251127T070120
[2025-11-27T07:01:20.294+0000] {local_task_job_runner.py:266} INFO - Task exited with return code 0
[2025-11-27T07:01:20.342+0000] {taskinstance.py:3900} INFO - 0 downstream tasks scheduled from follow-on schedule check
[2025-11-27T07:01:20.347+0000] {local_task_job_runner.py:245} INFO - ::endgroup::
