[2025-11-26T21:00:02.182+0000] {local_task_job_runner.py:123} INFO - ::group::Pre task execution logs
[2025-11-26T21:00:02.207+0000] {taskinstance.py:2612} INFO - Dependencies all met for dep_context=non-requeueable deps ti=<TaskInstance: fetch_weather_dag.get_outlets scheduled__2025-11-26T20:00:00+00:00 [queued]>
[2025-11-26T21:00:02.216+0000] {taskinstance.py:2612} INFO - Dependencies all met for dep_context=requeueable deps ti=<TaskInstance: fetch_weather_dag.get_outlets scheduled__2025-11-26T20:00:00+00:00 [queued]>
[2025-11-26T21:00:02.216+0000] {taskinstance.py:2865} INFO - Starting attempt 1 of 1
[2025-11-26T21:00:02.236+0000] {taskinstance.py:2888} INFO - Executing <Task(PythonOperator): get_outlets> on 2025-11-26 20:00:00+00:00
[2025-11-26T21:00:02.252+0000] {standard_task_runner.py:104} INFO - Running: ['***', 'tasks', 'run', 'fetch_weather_dag', 'get_outlets', 'scheduled__2025-11-26T20:00:00+00:00', '--job-id', '29', '--raw', '--subdir', 'DAGS_FOLDER/fetch_weather_dag.py', '--cfg-path', '/tmp/tmprmttutqk']
[2025-11-26T21:00:02.256+0000] {logging_mixin.py:190} WARNING - /home/***/.local/lib/python3.12/site-packages/***/task/task_runner/standard_task_runner.py:70 DeprecationWarning: This process (pid=1611) is multi-threaded, use of fork() may lead to deadlocks in the child.
[2025-11-26T21:00:02.257+0000] {standard_task_runner.py:105} INFO - Job 29: Subtask get_outlets
[2025-11-26T21:00:02.257+0000] {standard_task_runner.py:72} INFO - Started process 1613 to run task
[2025-11-26T21:00:02.359+0000] {task_command.py:467} INFO - Running <TaskInstance: fetch_weather_dag.get_outlets scheduled__2025-11-26T20:00:00+00:00 [running]> on host 7fa3cbb25d21
[2025-11-26T21:00:02.471+0000] {taskinstance.py:3131} INFO - Exporting env vars: AIRFLOW_CTX_DAG_OWNER='***' AIRFLOW_CTX_DAG_ID='fetch_weather_dag' AIRFLOW_CTX_TASK_ID='get_outlets' AIRFLOW_CTX_EXECUTION_DATE='2025-11-26T20:00:00+00:00' AIRFLOW_CTX_TRY_NUMBER='1' AIRFLOW_CTX_DAG_RUN_ID='scheduled__2025-11-26T20:00:00+00:00'
[2025-11-26T21:00:02.473+0000] {taskinstance.py:731} INFO - ::endgroup::
[2025-11-26T21:00:02.505+0000] {python.py:240} INFO - Done. Returned value was:     outlet_id latitude longitude
0           1    40.76    -73.86
1           2     0.00      0.00
2           3    40.81    -73.91
3           4    40.72    -73.98
4           5    40.71    -73.87
5           6    40.79    -73.89
6           7    40.70    -73.85
7           8    40.82    -73.97
8           9    40.73    -73.97
9          10    40.75    -73.92
10         11    40.76    -73.96
11         12    40.79    -73.98
12         13    40.74    -73.95
13         14    40.77    -73.88
14         15    40.73    -73.92
15         16    40.79    -73.99
16         17    40.79    -73.97
17         18    40.71    -73.86
18         19    40.84    -73.88
19         20    40.75    -73.99
20         21    40.80    -73.93
21         22    40.72    -73.93
22         23     0.00      0.00
23         24    40.71    -73.86
24         25    40.74    -73.90
25         26    40.75    -73.92
26         27    40.78    -73.97
27         28    40.85    -73.88
28         29     0.00      0.00
29         30    40.84    -73.87
30         31    40.79    -73.86
31         32    40.71    -73.97
32         33    40.71    -73.95
33         34    40.76    -73.96
34         35    40.82    -73.95
35         36        0         0
36         37    40.74    -73.92
37         38    40.72    -73.88
38         39    40.71    -73.85
39         40    40.82    -73.97
40         41        0         0
41         42    40.70    -73.88
42         43    40.81    -73.89
43         44    40.82    -73.99
44         45    40.75    -73.98
45         46    40.83    -73.91
46         47    40.75    -73.99
47         48    40.75    -73.95
48         49    40.81    -73.90
49         50    40.83    -73.93
[2025-11-26T21:00:02.579+0000] {taskinstance.py:340} INFO - ::group::Post task execution logs
[2025-11-26T21:00:02.580+0000] {taskinstance.py:352} INFO - Marking task as SUCCESS. dag_id=fetch_weather_dag, task_id=get_outlets, run_id=scheduled__2025-11-26T20:00:00+00:00, execution_date=20251126T200000, start_date=20251126T210002, end_date=20251126T210002
[2025-11-26T21:00:02.635+0000] {local_task_job_runner.py:266} INFO - Task exited with return code 0
[2025-11-26T21:00:02.688+0000] {taskinstance.py:3900} INFO - 1 downstream tasks scheduled from follow-on schedule check
[2025-11-26T21:00:02.694+0000] {local_task_job_runner.py:245} INFO - ::endgroup::
