[2025-11-26T11:00:13.326+0000] {local_task_job_runner.py:123} INFO - ::group::Pre task execution logs
[2025-11-26T11:00:13.349+0000] {taskinstance.py:2612} INFO - Dependencies all met for dep_context=non-requeueable deps ti=<TaskInstance: fetch_weather_dag.load_weather_task scheduled__2025-11-26T10:00:00+00:00 [queued]>
[2025-11-26T11:00:13.357+0000] {taskinstance.py:2612} INFO - Dependencies all met for dep_context=requeueable deps ti=<TaskInstance: fetch_weather_dag.load_weather_task scheduled__2025-11-26T10:00:00+00:00 [queued]>
[2025-11-26T11:00:13.358+0000] {taskinstance.py:2865} INFO - Starting attempt 1 of 1
[2025-11-26T11:00:13.378+0000] {taskinstance.py:2888} INFO - Executing <Task(PythonOperator): load_weather_task> on 2025-11-26 10:00:00+00:00
[2025-11-26T11:00:13.393+0000] {standard_task_runner.py:104} INFO - Running: ['***', 'tasks', 'run', 'fetch_weather_dag', 'load_weather_task', 'scheduled__2025-11-26T10:00:00+00:00', '--job-id', '29', '--raw', '--subdir', 'DAGS_FOLDER/fetch_weather_dag.py', '--cfg-path', '/tmp/tmpz9fi8t9f']
[2025-11-26T11:00:13.396+0000] {standard_task_runner.py:105} INFO - Job 29: Subtask load_weather_task
[2025-11-26T11:00:13.396+0000] {logging_mixin.py:190} WARNING - /home/***/.local/lib/python3.12/site-packages/***/task/task_runner/standard_task_runner.py:70 DeprecationWarning: This process (pid=1712) is multi-threaded, use of fork() may lead to deadlocks in the child.
[2025-11-26T11:00:13.397+0000] {standard_task_runner.py:72} INFO - Started process 1714 to run task
[2025-11-26T11:00:13.488+0000] {task_command.py:467} INFO - Running <TaskInstance: fetch_weather_dag.load_weather_task scheduled__2025-11-26T10:00:00+00:00 [running]> on host 0620048c104a
[2025-11-26T11:00:13.604+0000] {taskinstance.py:3131} INFO - Exporting env vars: AIRFLOW_CTX_DAG_OWNER='***' AIRFLOW_CTX_DAG_ID='fetch_weather_dag' AIRFLOW_CTX_TASK_ID='load_weather_task' AIRFLOW_CTX_EXECUTION_DATE='2025-11-26T10:00:00+00:00' AIRFLOW_CTX_TRY_NUMBER='1' AIRFLOW_CTX_DAG_RUN_ID='scheduled__2025-11-26T10:00:00+00:00'
[2025-11-26T11:00:13.606+0000] {taskinstance.py:731} INFO - ::endgroup::
[2025-11-26T11:00:13.677+0000] {crypto.py:82} WARNING - empty cryptography key - values will not be stored encrypted.
[2025-11-26T11:00:13.678+0000] {base.py:84} INFO - Retrieving connection '***_dbt'
[2025-11-26T11:00:13.714+0000] {base.py:84} INFO - Retrieving connection '***_dbt'
[2025-11-26T11:00:13.857+0000] {python.py:240} INFO - Done. Returned value was: None
[2025-11-26T11:00:13.874+0000] {taskinstance.py:340} INFO - ::group::Post task execution logs
[2025-11-26T11:00:13.875+0000] {taskinstance.py:352} INFO - Marking task as SUCCESS. dag_id=fetch_weather_dag, task_id=load_weather_task, run_id=scheduled__2025-11-26T10:00:00+00:00, execution_date=20251126T100000, start_date=20251126T110013, end_date=20251126T110013
[2025-11-26T11:00:13.935+0000] {local_task_job_runner.py:266} INFO - Task exited with return code 0
[2025-11-26T11:00:13.959+0000] {taskinstance.py:3900} INFO - 0 downstream tasks scheduled from follow-on schedule check
[2025-11-26T11:00:13.964+0000] {local_task_job_runner.py:245} INFO - ::endgroup::
