[2025-11-27T05:00:07.373+0000] {local_task_job_runner.py:123} INFO - ::group::Pre task execution logs
[2025-11-27T05:00:07.396+0000] {taskinstance.py:2612} INFO - Dependencies all met for dep_context=non-requeueable deps ti=<TaskInstance: fetch_weather_dag.fetch_weather scheduled__2025-11-27T04:00:00+00:00 [queued]>
[2025-11-27T05:00:07.404+0000] {taskinstance.py:2612} INFO - Dependencies all met for dep_context=requeueable deps ti=<TaskInstance: fetch_weather_dag.fetch_weather scheduled__2025-11-27T04:00:00+00:00 [queued]>
[2025-11-27T05:00:07.405+0000] {taskinstance.py:2865} INFO - Starting attempt 1 of 1
[2025-11-27T05:00:07.441+0000] {taskinstance.py:2888} INFO - Executing <Task(_PythonDecoratedOperator): fetch_weather> on 2025-11-27 04:00:00+00:00
[2025-11-27T05:00:07.455+0000] {logging_mixin.py:190} WARNING - /home/***/.local/lib/python3.12/site-packages/***/task/task_runner/standard_task_runner.py:70 DeprecationWarning: This process (pid=11975) is multi-threaded, use of fork() may lead to deadlocks in the child.
[2025-11-27T05:00:07.457+0000] {standard_task_runner.py:72} INFO - Started process 11977 to run task
[2025-11-27T05:00:07.455+0000] {standard_task_runner.py:104} INFO - Running: ['***', 'tasks', 'run', 'fetch_weather_dag', 'fetch_weather', 'scheduled__2025-11-27T04:00:00+00:00', '--job-id', '53', '--raw', '--subdir', 'DAGS_FOLDER/fetch_weather_dag.py', '--cfg-path', '/tmp/tmp_vjdanjh']
[2025-11-27T05:00:07.459+0000] {standard_task_runner.py:105} INFO - Job 53: Subtask fetch_weather
[2025-11-27T05:00:07.548+0000] {task_command.py:467} INFO - Running <TaskInstance: fetch_weather_dag.fetch_weather scheduled__2025-11-27T04:00:00+00:00 [running]> on host 7fa3cbb25d21
[2025-11-27T05:00:07.855+0000] {taskinstance.py:3131} INFO - Exporting env vars: AIRFLOW_CTX_DAG_OWNER='***' AIRFLOW_CTX_DAG_ID='fetch_weather_dag' AIRFLOW_CTX_TASK_ID='fetch_weather' AIRFLOW_CTX_EXECUTION_DATE='2025-11-27T04:00:00+00:00' AIRFLOW_CTX_TRY_NUMBER='1' AIRFLOW_CTX_DAG_RUN_ID='scheduled__2025-11-27T04:00:00+00:00'
[2025-11-27T05:00:07.857+0000] {taskinstance.py:731} INFO - ::endgroup::
[2025-11-27T05:00:07.861+0000] {logging_mixin.py:190} INFO - Fetching weather for outlet 1: (40.76, -73.86)
[2025-11-27T05:00:07.901+0000] {logging_mixin.py:190} INFO - Fetching weather for outlet 2: (0.0, 0.0)
[2025-11-27T05:00:07.906+0000] {logging_mixin.py:190} INFO - Fetching weather for outlet 3: (40.81, -73.91)
[2025-11-27T05:00:07.913+0000] {logging_mixin.py:190} INFO - Fetching weather for outlet 4: (40.72, -73.98)
[2025-11-27T05:00:07.919+0000] {logging_mixin.py:190} INFO - Fetching weather for outlet 5: (40.71, -73.87)
[2025-11-27T05:00:07.925+0000] {logging_mixin.py:190} INFO - Fetching weather for outlet 6: (40.79, -73.89)
[2025-11-27T05:00:07.931+0000] {logging_mixin.py:190} INFO - Fetching weather for outlet 7: (40.7, -73.85)
[2025-11-27T05:00:07.936+0000] {logging_mixin.py:190} INFO - Fetching weather for outlet 8: (40.82, -73.97)
[2025-11-27T05:00:07.940+0000] {logging_mixin.py:190} INFO - Fetching weather for outlet 9: (40.73, -73.97)
[2025-11-27T05:00:07.947+0000] {logging_mixin.py:190} INFO - Fetching weather for outlet 10: (40.75, -73.92)
[2025-11-27T05:00:07.952+0000] {logging_mixin.py:190} INFO - Fetching weather for outlet 11: (40.76, -73.96)
[2025-11-27T05:00:07.957+0000] {logging_mixin.py:190} INFO - Fetching weather for outlet 12: (40.79, -73.98)
[2025-11-27T05:00:07.963+0000] {logging_mixin.py:190} INFO - Fetching weather for outlet 13: (40.74, -73.95)
[2025-11-27T05:00:07.966+0000] {logging_mixin.py:190} INFO - Fetching weather for outlet 14: (40.77, -73.88)
[2025-11-27T05:00:07.970+0000] {logging_mixin.py:190} INFO - Fetching weather for outlet 15: (40.73, -73.92)
[2025-11-27T05:00:07.978+0000] {logging_mixin.py:190} INFO - Fetching weather for outlet 16: (40.79, -73.99)
[2025-11-27T05:00:07.992+0000] {logging_mixin.py:190} INFO - Fetching weather for outlet 17: (40.79, -73.97)
[2025-11-27T05:00:07.998+0000] {logging_mixin.py:190} INFO - Fetching weather for outlet 18: (40.71, -73.86)
[2025-11-27T05:00:08.002+0000] {logging_mixin.py:190} INFO - Fetching weather for outlet 19: (40.84, -73.88)
[2025-11-27T05:00:08.006+0000] {logging_mixin.py:190} INFO - Fetching weather for outlet 20: (40.75, -73.99)
[2025-11-27T05:00:08.010+0000] {logging_mixin.py:190} INFO - Fetching weather for outlet 21: (40.8, -73.93)
[2025-11-27T05:00:08.014+0000] {logging_mixin.py:190} INFO - Fetching weather for outlet 22: (40.72, -73.93)
[2025-11-27T05:00:08.018+0000] {logging_mixin.py:190} INFO - Fetching weather for outlet 23: (0.0, 0.0)
[2025-11-27T05:00:08.022+0000] {logging_mixin.py:190} INFO - Fetching weather for outlet 24: (40.71, -73.86)
[2025-11-27T05:00:08.027+0000] {logging_mixin.py:190} INFO - Fetching weather for outlet 25: (40.74, -73.9)
[2025-11-27T05:00:08.032+0000] {logging_mixin.py:190} INFO - Fetching weather for outlet 26: (40.75, -73.92)
[2025-11-27T05:00:08.037+0000] {logging_mixin.py:190} INFO - Fetching weather for outlet 27: (40.78, -73.97)
[2025-11-27T05:00:08.042+0000] {logging_mixin.py:190} INFO - Fetching weather for outlet 28: (40.85, -73.88)
[2025-11-27T05:00:08.047+0000] {logging_mixin.py:190} INFO - Fetching weather for outlet 29: (0.0, 0.0)
[2025-11-27T05:00:08.051+0000] {logging_mixin.py:190} INFO - Fetching weather for outlet 30: (40.84, -73.87)
[2025-11-27T05:00:08.056+0000] {logging_mixin.py:190} INFO - Fetching weather for outlet 31: (40.79, -73.86)
[2025-11-27T05:00:08.060+0000] {logging_mixin.py:190} INFO - Fetching weather for outlet 32: (40.71, -73.97)
[2025-11-27T05:00:08.064+0000] {logging_mixin.py:190} INFO - Fetching weather for outlet 33: (40.71, -73.95)
[2025-11-27T05:00:08.070+0000] {logging_mixin.py:190} INFO - Fetching weather for outlet 34: (40.76, -73.96)
[2025-11-27T05:00:08.075+0000] {logging_mixin.py:190} INFO - Fetching weather for outlet 35: (40.82, -73.95)
[2025-11-27T05:00:08.079+0000] {logging_mixin.py:190} INFO - Fetching weather for outlet 36: (0.0, 0.0)
[2025-11-27T05:00:08.083+0000] {logging_mixin.py:190} INFO - Fetching weather for outlet 37: (40.74, -73.92)
[2025-11-27T05:00:08.088+0000] {logging_mixin.py:190} INFO - Fetching weather for outlet 38: (40.72, -73.88)
[2025-11-27T05:00:08.092+0000] {logging_mixin.py:190} INFO - Fetching weather for outlet 39: (40.71, -73.85)
[2025-11-27T05:00:08.097+0000] {logging_mixin.py:190} INFO - Fetching weather for outlet 40: (40.82, -73.97)
[2025-11-27T05:00:08.102+0000] {logging_mixin.py:190} INFO - Fetching weather for outlet 41: (0.0, 0.0)
[2025-11-27T05:00:08.108+0000] {logging_mixin.py:190} INFO - Fetching weather for outlet 42: (40.7, -73.88)
[2025-11-27T05:00:08.113+0000] {logging_mixin.py:190} INFO - Fetching weather for outlet 43: (40.81, -73.89)
[2025-11-27T05:00:08.119+0000] {logging_mixin.py:190} INFO - Fetching weather for outlet 44: (40.82, -73.99)
[2025-11-27T05:00:08.124+0000] {logging_mixin.py:190} INFO - Fetching weather for outlet 45: (40.75, -73.98)
[2025-11-27T05:00:08.128+0000] {logging_mixin.py:190} INFO - Fetching weather for outlet 46: (40.83, -73.91)
[2025-11-27T05:00:08.132+0000] {logging_mixin.py:190} INFO - Fetching weather for outlet 47: (40.75, -73.99)
[2025-11-27T05:00:08.137+0000] {logging_mixin.py:190} INFO - Fetching weather for outlet 48: (40.75, -73.95)
[2025-11-27T05:00:08.141+0000] {logging_mixin.py:190} INFO - Fetching weather for outlet 49: (40.81, -73.9)
[2025-11-27T05:00:10.300+0000] {logging_mixin.py:190} INFO - Fetching weather for outlet 50: (40.83, -73.93)
[2025-11-27T05:00:11.269+0000] {crypto.py:82} WARNING - empty cryptography key - values will not be stored encrypted.
[2025-11-27T05:00:11.271+0000] {base.py:84} INFO - Retrieving connection '***_dbt'
[2025-11-27T05:00:11.274+0000] {base.py:84} INFO - Retrieving connection '***_dbt'
[2025-11-27T05:01:01.109+0000] {python.py:240} INFO - Done. Returned value was: None
[2025-11-27T05:01:01.141+0000] {taskinstance.py:340} INFO - ::group::Post task execution logs
[2025-11-27T05:01:01.142+0000] {taskinstance.py:352} INFO - Marking task as SUCCESS. dag_id=fetch_weather_dag, task_id=fetch_weather, run_id=scheduled__2025-11-27T04:00:00+00:00, execution_date=20251127T040000, start_date=20251127T050007, end_date=20251127T050101
[2025-11-27T05:01:01.276+0000] {local_task_job_runner.py:266} INFO - Task exited with return code 0
[2025-11-27T05:01:01.357+0000] {local_task_job_runner.py:245} INFO - ::endgroup::
