[2025-11-26T10:33:43.214+0000] {local_task_job_runner.py:123} INFO - ::group::Pre task execution logs
[2025-11-26T10:33:43.242+0000] {taskinstance.py:2612} INFO - Dependencies all met for dep_context=non-requeueable deps ti=<TaskInstance: fetch_weather_dag.load_weather_task manual__2025-11-26T10:23:41.802078+00:00 [queued]>
[2025-11-26T10:33:43.253+0000] {taskinstance.py:2612} INFO - Dependencies all met for dep_context=requeueable deps ti=<TaskInstance: fetch_weather_dag.load_weather_task manual__2025-11-26T10:23:41.802078+00:00 [queued]>
[2025-11-26T10:33:43.254+0000] {taskinstance.py:2865} INFO - Starting attempt 3 of 3
[2025-11-26T10:33:43.276+0000] {taskinstance.py:2888} INFO - Executing <Task(PythonOperator): load_weather_task> on 2025-11-26 10:23:41.802078+00:00
[2025-11-26T10:33:43.311+0000] {logging_mixin.py:190} WARNING - /home/***/.local/lib/python3.12/site-packages/***/task/task_runner/standard_task_runner.py:70 DeprecationWarning: This process (pid=884) is multi-threaded, use of fork() may lead to deadlocks in the child.
[2025-11-26T10:33:43.314+0000] {standard_task_runner.py:72} INFO - Started process 886 to run task
[2025-11-26T10:33:43.312+0000] {standard_task_runner.py:104} INFO - Running: ['***', 'tasks', 'run', 'fetch_weather_dag', 'load_weather_task', 'manual__2025-11-26T10:23:41.802078+00:00', '--job-id', '27', '--raw', '--subdir', 'DAGS_FOLDER/fetch_weather_dag.py', '--cfg-path', '/tmp/tmpnhmydw13']
[2025-11-26T10:33:43.316+0000] {standard_task_runner.py:105} INFO - Job 27: Subtask load_weather_task
[2025-11-26T10:33:43.541+0000] {task_command.py:467} INFO - Running <TaskInstance: fetch_weather_dag.load_weather_task manual__2025-11-26T10:23:41.802078+00:00 [running]> on host 0620048c104a
[2025-11-26T10:33:43.723+0000] {taskinstance.py:3131} INFO - Exporting env vars: AIRFLOW_CTX_DAG_OWNER='***' AIRFLOW_CTX_DAG_ID='fetch_weather_dag' AIRFLOW_CTX_TASK_ID='load_weather_task' AIRFLOW_CTX_EXECUTION_DATE='2025-11-26T10:23:41.802078+00:00' AIRFLOW_CTX_TRY_NUMBER='3' AIRFLOW_CTX_DAG_RUN_ID='manual__2025-11-26T10:23:41.802078+00:00'
[2025-11-26T10:33:43.725+0000] {taskinstance.py:731} INFO - ::endgroup::
[2025-11-26T10:33:43.810+0000] {crypto.py:82} WARNING - empty cryptography key - values will not be stored encrypted.
[2025-11-26T10:33:43.811+0000] {base.py:84} INFO - Retrieving connection '***_dbt'
[2025-11-26T10:33:43.829+0000] {base.py:84} INFO - Retrieving connection '***_dbt'
[2025-11-26T10:33:44.029+0000] {python.py:240} INFO - Done. Returned value was: None
[2025-11-26T10:33:44.071+0000] {taskinstance.py:340} INFO - ::group::Post task execution logs
[2025-11-26T10:33:44.072+0000] {taskinstance.py:352} INFO - Marking task as SUCCESS. dag_id=fetch_weather_dag, task_id=load_weather_task, run_id=manual__2025-11-26T10:23:41.802078+00:00, execution_date=20251126T102341, start_date=20251126T103343, end_date=20251126T103344
[2025-11-26T10:33:44.141+0000] {local_task_job_runner.py:266} INFO - Task exited with return code 0
[2025-11-26T10:33:44.173+0000] {taskinstance.py:3900} INFO - 0 downstream tasks scheduled from follow-on schedule check
[2025-11-26T10:33:44.179+0000] {local_task_job_runner.py:245} INFO - ::endgroup::
