[2025-11-26T21:00:04.401+0000] {local_task_job_runner.py:123} INFO - ::group::Pre task execution logs
[2025-11-26T21:00:04.427+0000] {taskinstance.py:2612} INFO - Dependencies all met for dep_context=non-requeueable deps ti=<TaskInstance: fetch_weather_dag.fetch_weather_task scheduled__2025-11-26T20:00:00+00:00 [queued]>
[2025-11-26T21:00:04.435+0000] {taskinstance.py:2612} INFO - Dependencies all met for dep_context=requeueable deps ti=<TaskInstance: fetch_weather_dag.fetch_weather_task scheduled__2025-11-26T20:00:00+00:00 [queued]>
[2025-11-26T21:00:04.436+0000] {taskinstance.py:2865} INFO - Starting attempt 1 of 1
[2025-11-26T21:00:04.453+0000] {taskinstance.py:2888} INFO - Executing <Task(PythonOperator): fetch_weather_task> on 2025-11-26 20:00:00+00:00
[2025-11-26T21:00:04.470+0000] {standard_task_runner.py:104} INFO - Running: ['***', 'tasks', 'run', 'fetch_weather_dag', 'fetch_weather_task', 'scheduled__2025-11-26T20:00:00+00:00', '--job-id', '30', '--raw', '--subdir', 'DAGS_FOLDER/fetch_weather_dag.py', '--cfg-path', '/tmp/tmp66s59d_l']
[2025-11-26T21:00:04.475+0000] {standard_task_runner.py:105} INFO - Job 30: Subtask fetch_weather_task
[2025-11-26T21:00:04.475+0000] {logging_mixin.py:190} WARNING - /home/***/.local/lib/python3.12/site-packages/***/task/task_runner/standard_task_runner.py:70 DeprecationWarning: This process (pid=1615) is multi-threaded, use of fork() may lead to deadlocks in the child.
[2025-11-26T21:00:04.476+0000] {standard_task_runner.py:72} INFO - Started process 1617 to run task
[2025-11-26T21:00:04.567+0000] {task_command.py:467} INFO - Running <TaskInstance: fetch_weather_dag.fetch_weather_task scheduled__2025-11-26T20:00:00+00:00 [running]> on host 7fa3cbb25d21
[2025-11-26T21:00:04.681+0000] {taskinstance.py:3131} INFO - Exporting env vars: AIRFLOW_CTX_DAG_OWNER='***' AIRFLOW_CTX_DAG_ID='fetch_weather_dag' AIRFLOW_CTX_TASK_ID='fetch_weather_task' AIRFLOW_CTX_EXECUTION_DATE='2025-11-26T20:00:00+00:00' AIRFLOW_CTX_TRY_NUMBER='1' AIRFLOW_CTX_DAG_RUN_ID='scheduled__2025-11-26T20:00:00+00:00'
[2025-11-26T21:00:04.685+0000] {taskinstance.py:731} INFO - ::endgroup::
[2025-11-26T21:00:04.723+0000] {logging_mixin.py:190} INFO - cols:
[2025-11-26T21:00:04.729+0000] {logging_mixin.py:190} INFO - Index(['outlet_id', 'latitude', 'longitude'], dtype='object')
[2025-11-26T21:00:04.734+0000] {logging_mixin.py:190} INFO - Fetching weather for outlet 1: (40.76, -73.86)
[2025-11-26T21:00:04.761+0000] {logging_mixin.py:190} INFO - Fetching weather for outlet 2: (0.00, 0.00)
[2025-11-26T21:00:04.764+0000] {logging_mixin.py:190} INFO - Fetching weather for outlet 3: (40.81, -73.91)
[2025-11-26T21:00:04.768+0000] {logging_mixin.py:190} INFO - Fetching weather for outlet 4: (40.72, -73.98)
[2025-11-26T21:00:04.771+0000] {logging_mixin.py:190} INFO - Fetching weather for outlet 5: (40.71, -73.87)
[2025-11-26T21:00:04.775+0000] {logging_mixin.py:190} INFO - Fetching weather for outlet 6: (40.79, -73.89)
[2025-11-26T21:00:04.778+0000] {logging_mixin.py:190} INFO - Fetching weather for outlet 7: (40.70, -73.85)
[2025-11-26T21:00:04.782+0000] {logging_mixin.py:190} INFO - Fetching weather for outlet 8: (40.82, -73.97)
[2025-11-26T21:00:04.785+0000] {logging_mixin.py:190} INFO - Fetching weather for outlet 9: (40.73, -73.97)
[2025-11-26T21:00:04.789+0000] {logging_mixin.py:190} INFO - Fetching weather for outlet 10: (40.75, -73.92)
[2025-11-26T21:00:04.793+0000] {logging_mixin.py:190} INFO - Fetching weather for outlet 11: (40.76, -73.96)
[2025-11-26T21:00:04.796+0000] {logging_mixin.py:190} INFO - Fetching weather for outlet 12: (40.79, -73.98)
[2025-11-26T21:00:04.800+0000] {logging_mixin.py:190} INFO - Fetching weather for outlet 13: (40.74, -73.95)
[2025-11-26T21:00:04.804+0000] {logging_mixin.py:190} INFO - Fetching weather for outlet 14: (40.77, -73.88)
[2025-11-26T21:00:04.807+0000] {logging_mixin.py:190} INFO - Fetching weather for outlet 15: (40.73, -73.92)
[2025-11-26T21:00:04.811+0000] {logging_mixin.py:190} INFO - Fetching weather for outlet 16: (40.79, -73.99)
[2025-11-26T21:00:04.815+0000] {logging_mixin.py:190} INFO - Fetching weather for outlet 17: (40.79, -73.97)
[2025-11-26T21:00:04.820+0000] {logging_mixin.py:190} INFO - Fetching weather for outlet 18: (40.71, -73.86)
[2025-11-26T21:00:04.826+0000] {logging_mixin.py:190} INFO - Fetching weather for outlet 19: (40.84, -73.88)
[2025-11-26T21:00:04.829+0000] {logging_mixin.py:190} INFO - Fetching weather for outlet 20: (40.75, -73.99)
[2025-11-26T21:00:04.833+0000] {logging_mixin.py:190} INFO - Fetching weather for outlet 21: (40.80, -73.93)
[2025-11-26T21:00:04.836+0000] {logging_mixin.py:190} INFO - Fetching weather for outlet 22: (40.72, -73.93)
[2025-11-26T21:00:04.841+0000] {logging_mixin.py:190} INFO - Fetching weather for outlet 23: (0.00, 0.00)
[2025-11-26T21:00:04.844+0000] {logging_mixin.py:190} INFO - Fetching weather for outlet 24: (40.71, -73.86)
[2025-11-26T21:00:04.848+0000] {logging_mixin.py:190} INFO - Fetching weather for outlet 25: (40.74, -73.90)
[2025-11-26T21:00:04.851+0000] {logging_mixin.py:190} INFO - Fetching weather for outlet 26: (40.75, -73.92)
[2025-11-26T21:00:04.854+0000] {logging_mixin.py:190} INFO - Fetching weather for outlet 27: (40.78, -73.97)
[2025-11-26T21:00:04.859+0000] {logging_mixin.py:190} INFO - Fetching weather for outlet 28: (40.85, -73.88)
[2025-11-26T21:00:04.863+0000] {logging_mixin.py:190} INFO - Fetching weather for outlet 29: (0.00, 0.00)
[2025-11-26T21:00:04.866+0000] {logging_mixin.py:190} INFO - Fetching weather for outlet 30: (40.84, -73.87)
[2025-11-26T21:00:04.869+0000] {logging_mixin.py:190} INFO - Fetching weather for outlet 31: (40.79, -73.86)
[2025-11-26T21:00:04.874+0000] {logging_mixin.py:190} INFO - Fetching weather for outlet 32: (40.71, -73.97)
[2025-11-26T21:00:04.877+0000] {logging_mixin.py:190} INFO - Fetching weather for outlet 33: (40.71, -73.95)
[2025-11-26T21:00:04.881+0000] {logging_mixin.py:190} INFO - Fetching weather for outlet 34: (40.76, -73.96)
[2025-11-26T21:00:04.884+0000] {logging_mixin.py:190} INFO - Fetching weather for outlet 35: (40.82, -73.95)
[2025-11-26T21:00:04.887+0000] {logging_mixin.py:190} INFO - Fetching weather for outlet 36: (0, 0)
[2025-11-26T21:00:04.892+0000] {logging_mixin.py:190} INFO - Fetching weather for outlet 37: (40.74, -73.92)
[2025-11-26T21:00:04.896+0000] {logging_mixin.py:190} INFO - Fetching weather for outlet 38: (40.72, -73.88)
[2025-11-26T21:00:04.899+0000] {logging_mixin.py:190} INFO - Fetching weather for outlet 39: (40.71, -73.85)
[2025-11-26T21:00:04.902+0000] {logging_mixin.py:190} INFO - Fetching weather for outlet 40: (40.82, -73.97)
[2025-11-26T21:00:04.907+0000] {logging_mixin.py:190} INFO - Fetching weather for outlet 41: (0, 0)
[2025-11-26T21:00:04.911+0000] {logging_mixin.py:190} INFO - Fetching weather for outlet 42: (40.70, -73.88)
[2025-11-26T21:00:04.916+0000] {logging_mixin.py:190} INFO - Fetching weather for outlet 43: (40.81, -73.89)
[2025-11-26T21:00:04.925+0000] {logging_mixin.py:190} INFO - Fetching weather for outlet 44: (40.82, -73.99)
[2025-11-26T21:00:04.932+0000] {logging_mixin.py:190} INFO - Fetching weather for outlet 45: (40.75, -73.98)
[2025-11-26T21:00:04.939+0000] {logging_mixin.py:190} INFO - Fetching weather for outlet 46: (40.83, -73.91)
[2025-11-26T21:00:04.944+0000] {logging_mixin.py:190} INFO - Fetching weather for outlet 47: (40.75, -73.99)
[2025-11-26T21:00:04.948+0000] {logging_mixin.py:190} INFO - Fetching weather for outlet 48: (40.75, -73.95)
[2025-11-26T21:00:04.954+0000] {logging_mixin.py:190} INFO - Fetching weather for outlet 49: (40.81, -73.90)
[2025-11-26T21:00:04.961+0000] {logging_mixin.py:190} INFO - Fetching weather for outlet 50: (40.83, -73.93)
[2025-11-26T21:00:05.010+0000] {logging_mixin.py:190} INFO -                   timestamp  temperature_2m  ...  wind_speed_10m  outlet_id
0 2023-01-01 00:00:00+00:00           9.522  ...        2.160000          1
1 2023-01-01 01:00:00+00:00           9.722  ...        1.484318          1
2 2023-01-01 02:00:00+00:00          10.322  ...        3.219938          1
3 2023-01-01 03:00:00+00:00          10.322  ...        1.018234          1
4 2023-01-01 04:00:00+00:00          11.372  ...        6.162207          1

[5 rows x 5 columns]
[2025-11-26T21:00:05.636+0000] {python.py:240} INFO - Done. Returned value was: None
[2025-11-26T21:00:05.657+0000] {taskinstance.py:340} INFO - ::group::Post task execution logs
[2025-11-26T21:00:05.658+0000] {taskinstance.py:352} INFO - Marking task as SUCCESS. dag_id=fetch_weather_dag, task_id=fetch_weather_task, run_id=scheduled__2025-11-26T20:00:00+00:00, execution_date=20251126T200000, start_date=20251126T210004, end_date=20251126T210005
[2025-11-26T21:00:05.698+0000] {local_task_job_runner.py:266} INFO - Task exited with return code 0
[2025-11-26T21:00:05.724+0000] {taskinstance.py:3900} INFO - 1 downstream tasks scheduled from follow-on schedule check
[2025-11-26T21:00:05.729+0000] {local_task_job_runner.py:245} INFO - ::endgroup::
